Sat May 19 2018 19:58:06 GMT+0530 (India Standard Time) : GET :/about
Sat May 19 2018 19:58:07 GMT+0530 (India Standard Time) : GET :/
Sat May 19 2018 19:58:08 GMT+0530 (India Standard Time) : GET :/about
Sat May 19 2018 19:58:24 GMT+0530 (India Standard Time) : GET :/
Sat May 19 2018 20:20:24 GMT+0530 (India Standard Time) : GET :/about
Sat May 19 2018 20:21:09 GMT+0530 (India Standard Time) : GET :/about
Sat May 19 2018 20:21:13 GMT+0530 (India Standard Time) : GET :/
Sat May 19 2018 20:53:36 GMT+0530 (India Standard Time) : GET :/
Sat May 19 2018 20:58:25 GMT+0530 (India Standard Time) : GET :/
Sat May 19 2018 20:58:32 GMT+0530 (India Standard Time) : GET :/about
Sun May 20 2018 19:49:44 GMT+0530 (India Standard Time) : GET :/
Sun May 20 2018 19:49:45 GMT+0530 (India Standard Time) : GET :/favicon.ico
Sun May 20 2018 19:49:56 GMT+0530 (India Standard Time) : GET :/about
Sun May 20 2018 19:49:56 GMT+0530 (India Standard Time) : GET :/favicon.ico
Sun May 20 2018 19:51:12 GMT+0530 (India Standard Time) : GET :/about
Sun May 20 2018 19:51:13 GMT+0530 (India Standard Time) : GET :/favicon.ico
Sun May 20 2018 19:51:14 GMT+0530 (India Standard Time) : GET :/about
Sun May 20 2018 19:51:15 GMT+0530 (India Standard Time) : GET :/
Sun May 20 2018 19:51:16 GMT+0530 (India Standard Time) : GET :/about
Sun May 20 2018 19:51:17 GMT+0530 (India Standard Time) : GET :/
Sun May 20 2018 19:51:27 GMT+0530 (India Standard Time) : GET :/help.html
